0 info it worked if it ends with ok
1 verbose cli [ '/opt/node/bin/node', '/opt/node/bin/npm', 'start' ]
2 info using npm@1.4.9
3 info using node@v0.10.28
4 verbose node symlink /opt/node/bin/node
5 verbose run-script [ 'prestart', 'start', 'poststart' ]
6 info prestart nodetest1@0.0.0
7 info start nodetest1@0.0.0
8 verbose unsafe-perm in lifecycle true
9 info nodetest1@0.0.0 Failed to exec start script
10 error nodetest1@0.0.0 start: `node ./bin/www`
10 error Exit status 143
11 error Failed at the nodetest1@0.0.0 start script.
11 error This is most likely a problem with the nodetest1 package,
11 error not with npm itself.
11 error Tell the author that this fails on your system:
11 error     node ./bin/www
11 error You can get their info via:
11 error     npm owner ls nodetest1
11 error There is likely additional logging output above.
12 error System Linux 3.12.28+
13 error command "/opt/node/bin/node" "/opt/node/bin/npm" "start"
14 error cwd /home/pi/Workspace/nodetest1
15 error node -v v0.10.28
16 error npm -v 1.4.9
17 error code ELIFECYCLE
18 verbose exit [ 1, true ]
